{
  "RSpec": {
    "coverage": {
      "/home/erick/workspace/blog_rails/app/models/user.rb": [
        1,
        null,
        null,
        1,
        null,
        null,
        1,
        null
      ],
      "/home/erick/workspace/blog_rails/app/models/application_record.rb": [
        1,
        1,
        null
      ],
      "/home/erick/workspace/blog_rails/app/helpers/application_helper.rb": [
        1,
        null
      ],
      "/home/erick/workspace/blog_rails/app/models/categories_post.rb": [
        1,
        1,
        1,
        null
      ],
      "/home/erick/workspace/blog_rails/app/models/category.rb": [
        1,
        1,
        1,
        null,
        1,
        null,
        null
      ],
      "/home/erick/workspace/blog_rails/app/models/post.rb": [
        1,
        1,
        1,
        1,
        1,
        null,
        1,
        25,
        null,
        null,
        1,
        23,
        null,
        null,
        1,
        14,
        null,
        null,
        1,
        1,
        null,
        null
      ],
      "/home/erick/workspace/blog_rails/app/controllers/posts_controller.rb": [
        1,
        1,
        1,
        1,
        null,
        1,
        27,
        27,
        null,
        null,
        1,
        null,
        1,
        3,
        3,
        3,
        null,
        null,
        1,
        3,
        3,
        3,
        3,
        2,
        null,
        1,
        null,
        null,
        null,
        1,
        3,
        3,
        null,
        null,
        1,
        3,
        3,
        3,
        2,
        null,
        1,
        null,
        null,
        null,
        1,
        1,
        1,
        null,
        null,
        1,
        2,
        2,
        null,
        null,
        1,
        null,
        1,
        6,
        null,
        0,
        0,
        null,
        null,
        null,
        1,
        19,
        null,
        null,
        1,
        6,
        null,
        null,
        1,
        17,
        null,
        null,
        1,
        9,
        null,
        null
      ],
      "/home/erick/workspace/blog_rails/app/controllers/application_controller.rb": [
        1,
        null
      ],
      "/home/erick/workspace/blog_rails/app/controllers/users_controller.rb": [
        1,
        1,
        1,
        null,
        1,
        9,
        null,
        null,
        1,
        null,
        1,
        10,
        null,
        null
      ],
      "/home/erick/workspace/blog_rails/app/controllers/categories_controller.rb": [
        1,
        1,
        null,
        1,
        5,
        null,
        null,
        1,
        2,
        2,
        null,
        null,
        1,
        1,
        null,
        null,
        1,
        1,
        1,
        1,
        null,
        0,
        null,
        null,
        null,
        1,
        3,
        null,
        null,
        1,
        3,
        3,
        1,
        null,
        2,
        null,
        null,
        null,
        1,
        null,
        1,
        4,
        null,
        null
      ],
      "/home/erick/workspace/blog_rails/app/mailers/application_mailer.rb": [
        0,
        0,
        0,
        0
      ],
      "/home/erick/workspace/blog_rails/app/jobs/application_job.rb": [
        0,
        0
      ],
      "/home/erick/workspace/blog_rails/app/channels/application_cable/channel.rb": [
        0,
        0,
        0,
        0
      ],
      "/home/erick/workspace/blog_rails/app/channels/application_cable/connection.rb": [
        0,
        0,
        0,
        0
      ]
    },
    "timestamp": 1561829421
  }
}
